# JRE version: OpenJDK Runtime Environment (8.0_181-b13) (build 1.8.0_181-b13)
# Java VM: OpenJDK 64-Bit Server VM (25.181-b13 mixed mode linux-amd64 compressed oops)
Heap:
 PSYoungGen      total 236544K, used 8543K [0x00000000eab00000, 0x00000000fb400000, 0x0000000100000000)
  eden space 226304K, 0% used [0x00000000eab00000,0x00000000eab00000,0x00000000f8800000)
  from space 10240K, 83% used [0x00000000fa000000,0x00000000fa857de8,0x00000000faa00000)
  to   space 8704K, 0% used [0x00000000fab80000,0x00000000fab80000,0x00000000fb400000)
 ParOldGen       total 45568K, used 4247K [0x00000000c0000000, 0x00000000c2c80000, 0x00000000eab00000)
  object space 45568K, 9% used [0x00000000c0000000,0x00000000c0425d08,0x00000000c2c80000)
 Metaspace       used 34904K, capacity 35170K, committed 35496K, reserved 1079296K
  class space    used 4649K, capacity 4763K, committed 4864K, reserved 1048576K
GC Heap History (15 events):
Event: 1.203 GC heap before
{Heap before GC invocations=1 (full 0):
 PSYoungGen      total 36864K, used 31744K [0x00000000eab00000, 0x00000000ed400000, 0x0000000100000000)
  eden space 31744K, 100% used [0x00000000eab00000,0x00000000eca00000,0x00000000eca00000)
  from space 5120K, 0% used [0x00000000ecf00000,0x00000000ecf00000,0x00000000ed400000)
  to   space 5120K, 0% used [0x00000000eca00000,0x00000000eca00000,0x00000000ecf00000)
 ParOldGen       total 84992K, used 0K [0x00000000c0000000, 0x00000000c5300000, 0x00000000eab00000)
  object space 84992K, 0% used [0x00000000c0000000,0x00000000c0000000,0x00000000c5300000)
 Metaspace       used 5576K, capacity 6456K, committed 6784K, reserved 1056768K
  class space    used 751K, capacity 808K, committed 896K, reserved 1048576K
Event: 1.216 GC heap after
Heap after GC invocations=1 (full 0):
 PSYoungGen      total 36864K, used 3458K [0x00000000eab00000, 0x00000000ef300000, 0x0000000100000000)
  eden space 31744K, 0% used [0x00000000eab00000,0x00000000eab00000,0x00000000eca00000)
  from space 5120K, 67% used [0x00000000eca00000,0x00000000ecd60a78,0x00000000ecf00000)
  to   space 5120K, 0% used [0x00000000eee00000,0x00000000eee00000,0x00000000ef300000)
 ParOldGen       total 84992K, used 0K [0x00000000c0000000, 0x00000000c5300000, 0x00000000eab00000)
  object space 84992K, 0% used [0x00000000c0000000,0x00000000c0000000,0x00000000c5300000)
 Metaspace       used 5576K, capacity 6456K, committed 6784K, reserved 1056768K
  class space    used 751K, capacity 808K, committed 896K, reserved 1048576K
}
Event: 2.191 GC heap before
{Heap before GC invocations=2 (full 0):
 PSYoungGen      total 36864K, used 35202K [0x00000000eab00000, 0x00000000ef300000, 0x0000000100000000)
  eden space 31744K, 100% used [0x00000000eab00000,0x00000000eca00000,0x00000000eca00000)
  from space 5120K, 67% used [0x00000000eca00000,0x00000000ecd60a78,0x00000000ecf00000)
  to   space 5120K, 0% used [0x00000000eee00000,0x00000000eee00000,0x00000000ef300000)
 ParOldGen       total 84992K, used 0K [0x00000000c0000000, 0x00000000c5300000, 0x00000000eab00000)
  object space 84992K, 0% used [0x00000000c0000000,0x00000000c0000000,0x00000000c5300000)
 Metaspace       used 9535K, capacity 9648K, committed 9856K, reserved 1058816K
  class space    used 1279K, capacity 1296K, committed 1408K, reserved 1048576K
Event: 2.204 GC heap after
Heap after GC invocations=2 (full 0):
 PSYoungGen      total 68608K, used 3461K [0x00000000eab00000, 0x00000000ef300000, 0x0000000100000000)
  eden space 63488K, 0% used [0x00000000eab00000,0x00000000eab00000,0x00000000ee900000)
  from space 5120K, 67% used [0x00000000eee00000,0x00000000ef161570,0x00000000ef300000)
  to   space 5120K, 0% used [0x00000000ee900000,0x00000000ee900000,0x00000000eee00000)
 ParOldGen       total 84992K, used 0K [0x00000000c0000000, 0x00000000c5300000, 0x00000000eab00000)
  object space 84992K, 0% used [0x00000000c0000000,0x00000000c0000000,0x00000000c5300000)
 Metaspace       used 9535K, capacity 9648K, committed 9856K, reserved 1058816K
  class space    used 1279K, capacity 1296K, committed 1408K, reserved 1048576K
}
Event: 3.612 GC heap before
{Heap before GC invocations=3 (full 0):
 PSYoungGen      total 68608K, used 66949K [0x00000000eab00000, 0x00000000ef300000, 0x0000000100000000)
  eden space 63488K, 100% used [0x00000000eab00000,0x00000000ee900000,0x00000000ee900000)
  from space 5120K, 67% used [0x00000000eee00000,0x00000000ef161570,0x00000000ef300000)
  to   space 5120K, 0% used [0x00000000ee900000,0x00000000ee900000,0x00000000eee00000)
 ParOldGen       total 84992K, used 0K [0x00000000c0000000, 0x00000000c5300000, 0x00000000eab00000)
  object space 84992K, 0% used [0x00000000c0000000,0x00000000c0000000,0x00000000c5300000)
 Metaspace       used 16076K, capacity 16234K, committed 16384K, reserved 1062912K
  class space    used 2201K, capacity 2275K, committed 2304K, reserved 1048576K
Event: 3.631 GC heap after
Heap after GC invocations=3 (full 0):
 PSYoungGen      total 68608K, used 5091K [0x00000000eab00000, 0x00000000f3100000, 0x0000000100000000)
  eden space 63488K, 0% used [0x00000000eab00000,0x00000000eab00000,0x00000000ee900000)
  from space 5120K, 99% used [0x00000000ee900000,0x00000000eedf8dc0,0x00000000eee00000)
  to   space 5120K, 0% used [0x00000000f2c00000,0x00000000f2c00000,0x00000000f3100000)
 ParOldGen       total 84992K, used 1656K [0x00000000c0000000, 0x00000000c5300000, 0x00000000eab00000)
  object space 84992K, 1% used [0x00000000c0000000,0x00000000c019e128,0x00000000c5300000)
 Metaspace       used 16076K, capacity 16234K, committed 16384K, reserved 1062912K
  class space    used 2201K, capacity 2275K, committed 2304K, reserved 1048576K
}
Event: 4.721 GC heap before
{Heap before GC invocations=4 (full 0):
 PSYoungGen      total 68608K, used 68579K [0x00000000eab00000, 0x00000000f3100000, 0x0000000100000000)
  eden space 63488K, 100% used [0x00000000eab00000,0x00000000ee900000,0x00000000ee900000)
  from space 5120K, 99% used [0x00000000ee900000,0x00000000eedf8dc0,0x00000000eee00000)
  to   space 5120K, 0% used [0x00000000f2c00000,0x00000000f2c00000,0x00000000f3100000)
 ParOldGen       total 84992K, used 1656K [0x00000000c0000000, 0x00000000c5300000, 0x00000000eab00000)
  object space 84992K, 1% used [0x00000000c0000000,0x00000000c019e128,0x00000000c5300000)
 Metaspace       used 20696K, capacity 20930K, committed 21120K, reserved 1067008K
  class space    used 2769K, capacity 2855K, committed 2944K, reserved 1048576K
Event: 4.750 GC heap after
Heap after GC invocations=4 (full 0):
 PSYoungGen      total 132096K, used 5113K [0x00000000eab00000, 0x00000000f3100000, 0x0000000100000000)
  eden space 126976K, 0% used [0x00000000eab00000,0x00000000eab00000,0x00000000f2700000)
  from space 5120K, 99% used [0x00000000f2c00000,0x00000000f30fe768,0x00000000f3100000)
  to   space 5120K, 0% used [0x00000000f2700000,0x00000000f2700000,0x00000000f2c00000)
 ParOldGen       total 84992K, used 4411K [0x00000000c0000000, 0x00000000c5300000, 0x00000000eab00000)
  object space 84992K, 5% used [0x00000000c0000000,0x00000000c044ee48,0x00000000c5300000)
 Metaspace       used 20696K, capacity 20930K, committed 21120K, reserved 1067008K
  class space    used 2769K, capacity 2855K, committed 2944K, reserved 1048576K
}
Event: 4.850 GC heap before
{Heap before GC invocations=5 (full 0):
 PSYoungGen      total 132096K, used 13891K [0x00000000eab00000, 0x00000000f3100000, 0x0000000100000000)
  eden space 126976K, 6% used [0x00000000eab00000,0x00000000eb392708,0x00000000f2700000)
  from space 5120K, 99% used [0x00000000f2c00000,0x00000000f30fe768,0x00000000f3100000)
  to   space 5120K, 0% used [0x00000000f2700000,0x00000000f2700000,0x00000000f2c00000)
 ParOldGen       total 84992K, used 4411K [0x00000000c0000000, 0x00000000c5300000, 0x00000000eab00000)
  object space 84992K, 5% used [0x00000000c0000000,0x00000000c044ee48,0x00000000c5300000)
 Metaspace       used 20994K, capacity 21166K, committed 21296K, reserved 1067008K
  class space    used 2826K, capacity 2895K, committed 2944K, reserved 1048576K
Event: 4.861 GC heap after
Heap after GC invocations=5 (full 0):
 PSYoungGen      total 132096K, used 4041K [0x00000000eab00000, 0x00000000fb400000, 0x0000000100000000)
  eden space 126976K, 0% used [0x00000000eab00000,0x00000000eab00000,0x00000000f2700000)
  from space 5120K, 78% used [0x00000000f2700000,0x00000000f2af26c8,0x00000000f2c00000)
  to   space 8704K, 0% used [0x00000000fab80000,0x00000000fab80000,0x00000000fb400000)
 ParOldGen       total 84992K, used 4491K [0x00000000c0000000, 0x00000000c5300000, 0x00000000eab00000)
  object space 84992K, 5% used [0x00000000c0000000,0x00000000c0462e70,0x00000000c5300000)
 Metaspace       used 20994K, capacity 21166K, committed 21296K, reserved 1067008K
  class space    used 2826K, capacity 2895K, committed 2944K, reserved 1048576K
}
Event: 4.861 GC heap before
{Heap before GC invocations=6 (full 1):
 PSYoungGen      total 132096K, used 4041K [0x00000000eab00000, 0x00000000fb400000, 0x0000000100000000)
  eden space 126976K, 0% used [0x00000000eab00000,0x00000000eab00000,0x00000000f2700000)
  from space 5120K, 78% used [0x00000000f2700000,0x00000000f2af26c8,0x00000000f2c00000)
  to   space 8704K, 0% used [0x00000000fab80000,0x00000000fab80000,0x00000000fb400000)
 ParOldGen       total 84992K, used 4491K [0x00000000c0000000, 0x00000000c5300000, 0x00000000eab00000)
  object space 84992K, 5% used [0x00000000c0000000,0x00000000c0462e70,0x00000000c5300000)
 Metaspace       used 20994K, capacity 21166K, committed 21296K, reserved 1067008K
  class space    used 2826K, capacity 2895K, committed 2944K, reserved 1048576K
Event: 4.903 GC heap after
Heap after GC invocations=6 (full 1):
 PSYoungGen      total 132096K, used 0K [0x00000000eab00000, 0x00000000fb400000, 0x0000000100000000)
  eden space 126976K, 0% used [0x00000000eab00000,0x00000000eab00000,0x00000000f2700000)
  from space 5120K, 0% used [0x00000000f2700000,0x00000000f2700000,0x00000000f2c00000)
  to   space 8704K, 0% used [0x00000000fab80000,0x00000000fab80000,0x00000000fb400000)
 ParOldGen       total 45568K, used 4023K [0x00000000c0000000, 0x00000000c2c80000, 0x00000000eab00000)
  object space 45568K, 8% used [0x00000000c0000000,0x00000000c03edd48,0x00000000c2c80000)
 Metaspace       used 20994K, capacity 21166K, committed 21296K, reserved 1067008K
  class space    used 2826K, capacity 2895K, committed 2944K, reserved 1048576K
}
Event: 7.110 GC heap before
{Heap before GC invocations=7 (full 1):
 PSYoungGen      total 132096K, used 126976K [0x00000000eab00000, 0x00000000fb400000, 0x0000000100000000)
  eden space 126976K, 100% used [0x00000000eab00000,0x00000000f2700000,0x00000000f2700000)
  from space 5120K, 0% used [0x00000000f2700000,0x00000000f2700000,0x00000000f2c00000)
  to   space 8704K, 0% used [0x00000000fab80000,0x00000000fab80000,0x00000000fb400000)
 ParOldGen       total 45568K, used 4023K [0x00000000c0000000, 0x00000000c2c80000, 0x00000000eab00000)
  object space 45568K, 8% used [0x00000000c0000000,0x00000000c03edd48,0x00000000c2c80000)
 Metaspace       used 29532K, capacity 29794K, committed 30080K, reserved 1075200K
  class space    used 4008K, capacity 4123K, committed 4224K, reserved 1048576K
Event: 7.152 GC heap after
Heap after GC invocations=7 (full 1):
 PSYoungGen      total 235008K, used 8675K [0x00000000eab00000, 0x00000000fb400000, 0x0000000100000000)
  eden space 226304K, 0% used [0x00000000eab00000,0x00000000eab00000,0x00000000f8800000)
  from space 8704K, 99% used [0x00000000fab80000,0x00000000fb3f8e50,0x00000000fb400000)
  to   space 10240K, 0% used [0x00000000fa000000,0x00000000fa000000,0x00000000faa00000)
 ParOldGen       total 45568K, used 4247K [0x00000000c0000000, 0x00000000c2c80000, 0x00000000eab00000)
  object space 45568K, 9% used [0x00000000c0000000,0x00000000c0425d08,0x00000000c2c80000)
 Metaspace       used 29532K, capacity 29794K, committed 30080K, reserved 1075200K
  class space    used 4008K, capacity 4123K, committed 4224K, reserved 1048576K
}
Event: 9.437 GC heap before
{Heap before GC invocations=8 (full 1):
 PSYoungGen      total 235008K, used 109943K [0x00000000eab00000, 0x00000000fb400000, 0x0000000100000000)
  eden space 226304K, 44% used [0x00000000eab00000,0x00000000f0de4ee8,0x00000000f8800000)
  from space 8704K, 99% used [0x00000000fab80000,0x00000000fb3f8e50,0x00000000fb400000)
  to   space 10240K, 0% used [0x00000000fa000000,0x00000000fa000000,0x00000000faa00000)
 ParOldGen       total 45568K, used 4247K [0x00000000c0000000, 0x00000000c2c80000, 0x00000000eab00000)
  object space 45568K, 9% used [0x00000000c0000000,0x00000000c0425d08,0x00000000c2c80000)
 Metaspace       used 34904K, capacity 35170K, committed 35496K, reserved 1079296K
  class space    used 4649K, capacity 4763K, committed 4864K, reserved 1048576K

